[INFO] 02:51:03:842 Log create/(14731:14731): Hola! Soy un log
[INFO] 03:04:04:639 Log create/(15279:15279): Hola! Soy un log
[INFO] 03:05:20:278 Log create/(15464:15464): Hola! Soy un log
[INFO] 03:09:16:146 Log create/(15711:15711): Hola! Soy un log
[INFO] 03:09:16:146 Log create/(15711:15711): 21
[INFO] 03:20:41:101 Log create/(16048:16048): Hola! Soy un log
[INFO] 03:20:41:101 Log create/(16048:16048): 21
[INFO] 03:21:34:829 Log create/(16304:16304): Hola! Soy un log
[INFO] 03:21:34:829 Log create/(16304:16304): 21
[INFO] 03:22:25:053 Log create/(16484:16484): Hola! Soy un log
[INFO] 03:22:25:053 Log create/(16484:16484): 21
[INFO] 03:23:59:538 Log create/(16649:16649): Hola! Soy un log
[INFO] 03:23:59:538 Log create/(16649:16649): 21
[INFO] 03:33:09:958 Log create/(19926:19926): Hola! Soy un log
[INFO] 03:33:09:959 Log create/(19926:19926): 21
[INFO] 03:34:36:492 Log create/(20143:20143): Hola! Soy un log
[INFO] 03:34:36:492 Log create/(20143:20143): 21
[INFO] 03:35:53:834 Log create/(20321:20321): Hola! Soy un log
[INFO] 03:35:53:834 Log create/(20321:20321): 21
[INFO] 03:37:06:351 Log create/(20493:20493): Hola! Soy un log
[INFO] 03:37:06:352 Log create/(20493:20493): 21
[INFO] 03:38:23:951 Log create/(20696:20696): Hola! Soy un log
[INFO] 03:38:23:951 Log create/(20696:20696): 21
[INFO] 03:39:42:299 Log create/(20899:20899): Hola! Soy un log
[INFO] 03:39:42:300 Log create/(20899:20899): 21
[INFO] 03:43:53:778 Log create/(21729:21729): Hola! Soy un log
[INFO] 03:43:53:778 Log create/(21729:21729): 21
[INFO] 03:44:32:101 Log create/(22426:22426): Hola! Soy un log
[INFO] 03:44:32:101 Log create/(22426:22426): 21
[INFO] 03:44:48:656 Log create/(22426:22426): hola
[INFO] 03:44:51:976 Log create/(22426:22426): chau
[INFO] 03:44:55:565 Log create/(22426:22426): malditos bugs raros
[INFO] 04:27:47:341 Log create/(28921:28921): Hola! Soy un log
[INFO] 04:27:47:341 Log create/(28921:28921): 21
[INFO] 04:28:02:813 Log create/(28921:28921): hola paquete
[INFO] 04:28:05:553 Log create/(28921:28921): paquete2
[INFO] 04:28:08:318 Log create/(28921:28921): empaquetao
[INFO] 04:34:48:149 Log create/(30154:30154): Hola! Soy un log
[INFO] 04:34:48:149 Log create/(30154:30154): 21
[INFO] 04:34:54:476 Log create/(30154:30154): hola paqueteeeee
[INFO] 04:34:56:984 Log create/(30154:30154): paquetazo
[INFO] 04:35:00:782 Log create/(30154:30154): paquetovich
